<?xml version="1.0" encoding="UTF-8"?>
<testsuite name="com.gwh.manager.controller.ProductControllerTest" tests="1" skipped="0" failures="1" errors="0" timestamp="2020-03-11T15:32:54" hostname="LAPTOP-4L910JHT" time="2.825">
  <properties/>
  <testcase name="zfindOne" classname="com.gwh.manager.controller.ProductControllerTest" time="2.825">
    <failure message="java.lang.NullPointerException" type="java.lang.NullPointerException">java.lang.NullPointerException
	at com.gwh.manager.controller.ProductControllerTest.lambda$zfindOne$2(ProductControllerTest.java:117)
	at java.util.ArrayList.forEach(ArrayList.java:1257)
	at com.gwh.manager.controller.ProductControllerTest.zfindOne(ProductControllerTest.java:115)
	at sun.reflect.NativeMethodAccessorImpl.invoke0(Native Method)
	at sun.reflect.NativeMethodAccessorImpl.invoke(NativeMethodAccessorImpl.java:62)
	at sun.reflect.DelegatingMethodAccessorImpl.invoke(DelegatingMethodAccessorImpl.java:43)
	at java.lang.reflect.Method.invoke(Method.java:498)
	at org.junit.runners.model.FrameworkMethod$1.runReflectiveCall(FrameworkMethod.java:50)
	at org.junit.internal.runners.model.ReflectiveCallable.run(ReflectiveCallable.java:12)
	at org.junit.runners.model.FrameworkMethod.invokeExplosively(FrameworkMethod.java:47)
	at org.junit.internal.runners.statements.InvokeMethod.evaluate(InvokeMethod.java:17)
	at org.springframework.test.context.junit4.statements.RunBeforeTestExecutionCallbacks.evaluate(RunBeforeTestExecutionCallbacks.java:73)
	at org.springframework.test.context.junit4.statements.RunAfterTestExecutionCallbacks.evaluate(RunAfterTestExecutionCallbacks.java:83)
	at org.springframework.test.context.junit4.statements.RunBeforeTestMethodCallbacks.evaluate(RunBeforeTestMethodCallbacks.java:75)
	at org.springframework.test.context.junit4.statements.RunAfterTestMethodCallbacks.evaluate(RunAfterTestMethodCallbacks.java:86)
	at org.springframework.test.context.junit4.statements.SpringRepeat.evaluate(SpringRepeat.java:84)
	at org.junit.runners.ParentRunner.runLeaf(ParentRunner.java:325)
	at org.springframework.test.context.junit4.SpringJUnit4ClassRunner.runChild(SpringJUnit4ClassRunner.java:251)
	at org.springframework.test.context.junit4.SpringJUnit4ClassRunner.runChild(SpringJUnit4ClassRunner.java:97)
	at org.junit.runners.ParentRunner$3.run(ParentRunner.java:290)
	at org.junit.runners.ParentRunner$1.schedule(ParentRunner.java:71)
	at org.junit.runners.ParentRunner.runChildren(ParentRunner.java:288)
	at org.junit.runners.ParentRunner.access$000(ParentRunner.java:58)
	at org.junit.runners.ParentRunner$2.evaluate(ParentRunner.java:268)
	at org.junit.internal.runners.statements.RunBefores.evaluate(RunBefores.java:26)
	at org.springframework.test.context.junit4.statements.RunBeforeTestClassCallbacks.evaluate(RunBeforeTestClassCallbacks.java:61)
	at org.springframework.test.context.junit4.statements.RunAfterTestClassCallbacks.evaluate(RunAfterTestClassCallbacks.java:70)
	at org.junit.runners.ParentRunner.run(ParentRunner.java:363)
	at org.springframework.test.context.junit4.SpringJUnit4ClassRunner.run(SpringJUnit4ClassRunner.java:190)
	at org.gradle.api.internal.tasks.testing.junit.JUnitTestClassExecutor.runTestClass(JUnitTestClassExecutor.java:110)
	at org.gradle.api.internal.tasks.testing.junit.JUnitTestClassExecutor.execute(JUnitTestClassExecutor.java:58)
	at org.gradle.api.internal.tasks.testing.junit.JUnitTestClassExecutor.execute(JUnitTestClassExecutor.java:38)
	at org.gradle.api.internal.tasks.testing.junit.AbstractJUnitTestClassProcessor.processTestClass(AbstractJUnitTestClassProcessor.java:62)
	at org.gradle.api.internal.tasks.testing.SuiteTestClassProcessor.processTestClass(SuiteTestClassProcessor.java:51)
	at sun.reflect.NativeMethodAccessorImpl.invoke0(Native Method)
	at sun.reflect.NativeMethodAccessorImpl.invoke(NativeMethodAccessorImpl.java:62)
	at sun.reflect.DelegatingMethodAccessorImpl.invoke(DelegatingMethodAccessorImpl.java:43)
	at java.lang.reflect.Method.invoke(Method.java:498)
	at org.gradle.internal.dispatch.ReflectionDispatch.dispatch(ReflectionDispatch.java:35)
	at org.gradle.internal.dispatch.ReflectionDispatch.dispatch(ReflectionDispatch.java:24)
	at org.gradle.internal.dispatch.ContextClassLoaderDispatch.dispatch(ContextClassLoaderDispatch.java:32)
	at org.gradle.internal.dispatch.ProxyDispatchAdapter$DispatchingInvocationHandler.invoke(ProxyDispatchAdapter.java:93)
	at com.sun.proxy.$Proxy2.processTestClass(Unknown Source)
	at org.gradle.api.internal.tasks.testing.worker.TestWorker.processTestClass(TestWorker.java:118)
	at sun.reflect.NativeMethodAccessorImpl.invoke0(Native Method)
	at sun.reflect.NativeMethodAccessorImpl.invoke(NativeMethodAccessorImpl.java:62)
	at sun.reflect.DelegatingMethodAccessorImpl.invoke(DelegatingMethodAccessorImpl.java:43)
	at java.lang.reflect.Method.invoke(Method.java:498)
	at org.gradle.internal.dispatch.ReflectionDispatch.dispatch(ReflectionDispatch.java:35)
	at org.gradle.internal.dispatch.ReflectionDispatch.dispatch(ReflectionDispatch.java:24)
	at org.gradle.internal.remote.internal.hub.MessageHubBackedObjectConnection$DispatchWrapper.dispatch(MessageHubBackedObjectConnection.java:175)
	at org.gradle.internal.remote.internal.hub.MessageHubBackedObjectConnection$DispatchWrapper.dispatch(MessageHubBackedObjectConnection.java:157)
	at org.gradle.internal.remote.internal.hub.MessageHub$Handler.run(MessageHub.java:404)
	at org.gradle.internal.concurrent.ExecutorPolicy$CatchAndRecordFailures.onExecute(ExecutorPolicy.java:63)
	at org.gradle.internal.concurrent.ManagedExecutorImpl$1.run(ManagedExecutorImpl.java:46)
	at java.util.concurrent.ThreadPoolExecutor.runWorker(ThreadPoolExecutor.java:1149)
	at java.util.concurrent.ThreadPoolExecutor$Worker.run(ThreadPoolExecutor.java:624)
	at org.gradle.internal.concurrent.ThreadFactoryImpl$ManagedThreadRunnable.run(ThreadFactoryImpl.java:55)
	at java.lang.Thread.run(Thread.java:748)
</failure>
  </testcase>
  <system-out><![CDATA[23:32:34.255 [Test worker] DEBUG org.springframework.test.context.junit4.SpringJUnit4ClassRunner - SpringJUnit4ClassRunner constructor called with [class com.gwh.manager.controller.ProductControllerTest]
23:32:34.273 [Test worker] DEBUG org.springframework.test.context.BootstrapUtils - Instantiating CacheAwareContextLoaderDelegate from class [org.springframework.test.context.cache.DefaultCacheAwareContextLoaderDelegate]
23:32:34.296 [Test worker] DEBUG org.springframework.test.context.BootstrapUtils - Instantiating BootstrapContext using constructor [public org.springframework.test.context.support.DefaultBootstrapContext(java.lang.Class,org.springframework.test.context.CacheAwareContextLoaderDelegate)]
23:32:34.343 [Test worker] DEBUG org.springframework.test.context.BootstrapUtils - Instantiating TestContextBootstrapper for test class [com.gwh.manager.controller.ProductControllerTest] from class [org.springframework.boot.test.context.SpringBootTestContextBootstrapper]
23:32:34.382 [Test worker] INFO org.springframework.boot.test.context.SpringBootTestContextBootstrapper - Neither @ContextConfiguration nor @ContextHierarchy found for test class [com.gwh.manager.controller.ProductControllerTest], using SpringBootContextLoader
23:32:34.393 [Test worker] DEBUG org.springframework.test.context.support.AbstractContextLoader - Did not detect default resource location for test class [com.gwh.manager.controller.ProductControllerTest]: class path resource [com/gwh/manager/controller/ProductControllerTest-context.xml] does not exist
23:32:34.395 [Test worker] DEBUG org.springframework.test.context.support.AbstractContextLoader - Did not detect default resource location for test class [com.gwh.manager.controller.ProductControllerTest]: class path resource [com/gwh/manager/controller/ProductControllerTestContext.groovy] does not exist
23:32:34.395 [Test worker] INFO org.springframework.test.context.support.AbstractContextLoader - Could not detect default resource locations for test class [com.gwh.manager.controller.ProductControllerTest]: no resource found for suffixes {-context.xml, Context.groovy}.
23:32:34.399 [Test worker] INFO org.springframework.test.context.support.AnnotationConfigContextLoaderUtils - Could not detect default configuration classes for test class [com.gwh.manager.controller.ProductControllerTest]: ProductControllerTest does not declare any static, non-private, non-final, nested classes annotated with @Configuration.
23:32:34.491 [Test worker] DEBUG org.springframework.test.context.support.ActiveProfilesUtils - Could not find an 'annotation declaring class' for annotation type [org.springframework.test.context.ActiveProfiles] and class [com.gwh.manager.controller.ProductControllerTest]
23:32:34.513 [Test worker] DEBUG org.springframework.core.env.StandardEnvironment - Adding PropertySource 'systemProperties' with lowest search precedence
23:32:34.514 [Test worker] DEBUG org.springframework.core.env.StandardEnvironment - Adding PropertySource 'systemEnvironment' with lowest search precedence
23:32:34.514 [Test worker] DEBUG org.springframework.core.env.StandardEnvironment - Initialized StandardEnvironment with PropertySources [MapPropertySource@1262409866 {name='systemProperties', properties={java.runtime.name=Java(TM) SE Runtime Environment, sun.boot.library.path=E:\JDK\jre\bin, java.vm.version=25.181-b13, java.vm.vendor=Oracle Corporation, java.vendor.url=http://java.oracle.com/, path.separator=;, java.vm.name=Java HotSpot(TM) 64-Bit Server VM, file.encoding.pkg=sun.io, user.script=, sun.java.launcher=SUN_STANDARD, user.country=CN, sun.os.patch.level=, java.vm.specification.name=Java Virtual Machine Specification, user.dir=C:\Users\82009\Desktop\licaixitong\manager, java.runtime.version=1.8.0_181-b13, java.awt.graphicsenv=sun.awt.Win32GraphicsEnvironment, java.endorsed.dirs=E:\JDK\jre\lib\endorsed, os.arch=amd64, java.io.tmpdir=C:\Users\82009\AppData\Local\Temp\, line.separator=
, java.vm.specification.vendor=Oracle Corporation, user.variant=, os.name=Windows 10, sun.jnu.encoding=GBK, java.library.path=E:\JDK\bin;C:\WINDOWS\Sun\Java\bin;C:\WINDOWS\system32;C:\WINDOWS;E:\java工具在里面\Java\jdk1.8.0_181\bin;C:\;rogram Files (x86)\NVIDIA Corporation\PhysX\Common;C:\Program Files\NVIDIA Corporation\NVIDIA NvDLISR;C:\Android;C:\Windows\System32;E:\2019大三下学期\Web\git\Git\cmd;C:\WINDOWS;C:\WINDOWS\system32\wbem;C:\WINDOWS\system32;C:\WINDOWS\System32\Wbem;C:\WINDOWS\System32\WindowsPowerShell\v1.0\;C:\WINDOWS\System32\OpenSSH\;D:\qianduanziliaoaaaaaaaaaaaaaaaaaa\wamp\bin\mysql\mysql5.5.20\bin;E:\2019大三下学期\Web\node\;E:\JDK\bin;;E:\Microsoft VS Code\bin;C:\Users\82009\AppData\Local\Microsoft\WindowsApps;C:\Users\82009\AppData\Roaming\npm;., java.specification.name=Java Platform API Specification, java.class.version=52.0, org.gradle.native=false, sun.management.compiler=HotSpot 64-Bit Tiered Compilers, os.version=10.0, user.home=C:\Users\82009, user.timezone=Asia/Shanghai, java.awt.printerjob=sun.awt.windows.WPrinterJob, file.encoding=GBK, java.specification.version=1.8, java.class.path=C:\Users\82009\Desktop\licaixitong\manager\build\classes\java\test;C:\Users\82009\Desktop\licaixitong\manager\build\resources\test;C:\Users\82009\Desktop\licaixitong\manager\build\classes\java\main;C:\Users\82009\Desktop\licaixitong\manager\build\resources\main;C:\Users\82009\Desktop\licaixitong\entity\build\libs\entity-1.0-SNAPSHOT.jar;C:\Users\82009\Desktop\licaixitong\util\build\libs\util.jar;C:\Users\82009\.gradle\caches\modules-2\files-2.1\org.springframework.boot\spring-boot-starter-web\2.0.0.RELEASE\fcb2a9e18f98382e626935841f85ed44d7153615\spring-boot-starter-web-2.0.0.RELEASE.jar;C:\Users\82009\.gradle\caches\modules-2\files-2.1\org.springframework.boot\spring-boot-starter-data-jpa\2.0.0.RELEASE\cc7bc2df046149870255d22367f8f7276eb82e98\spring-boot-starter-data-jpa-2.0.0.RELEASE.jar;C:\Users\82009\.gradle\caches\modules-2\files-2.1\org.apache.commons\commons-lang3\3.5\6c6c702c89bfff3cd9e80b04d668c5e190d588c6\commons-lang3-3.5.jar;C:\Users\82009\.gradle\caches\modules-2\files-2.1\com.h2database\h2\1.4.195\b25cc38f12b977694b8c85848e5bbecb2d88fd96\h2-1.4.195.jar;C:\Users\82009\.m2\repository\mysql\mysql-connector-java\8.0.16\mysql-connector-java-8.0.16.jar;C:\Users\82009\.gradle\caches\modules-2\files-2.1\org.springframework.boot\spring-boot-starter-test\2.0.0.RELEASE\4ff0e1d9bd315a4a5867e9c6128691cac8b37348\spring-boot-starter-test-2.0.0.RELEASE.jar;C:\Users\82009\.m2\repository\junit\junit\4.12\junit-4.12.jar;C:\Users\82009\.gradle\caches\modules-2\files-2.1\org.springframework.boot\spring-boot-starter-json\2.0.0.RELEASE\5a09c939d8bd60d7f163c1c0c20a3127ba9fffa\spring-boot-starter-json-2.0.0.RELEASE.jar;C:\Users\82009\.gradle\caches\modules-2\files-2.1\org.springframework.boot\spring-boot-starter-aop\2.0.0.RELEASE\9afd572ca8de272e6d919d914db5c73cd7d06ea2\spring-boot-starter-aop-2.0.0.RELEASE.jar;C:\Users\82009\.gradle\caches\modules-2\files-2.1\org.springframework.boot\spring-boot-starter-jdbc\2.0.0.RELEASE\bfe586f729ed86a421a79ac1b18d4e05acd25d68\spring-boot-starter-jdbc-2.0.0.RELEASE.jar;C:\Users\82009\.gradle\caches\modules-2\files-2.1\org.springframework.boot\spring-boot-starter\2.0.0.RELEASE\6d7d8e4bf053cd1833f3c7dbce676bc274f0892f\spring-boot-starter-2.0.0.RELEASE.jar;C:\Users\82009\.gradle\caches\modules-2\files-2.1\org.springframework.boot\spring-boot-starter-tomcat\2.0.0.RELEASE\908bc9de1a7cfa857edf44182d426f6e0d8a3008\spring-boot-starter-tomcat-2.0.0.RELEASE.jar;C:\Users\82009\.gradle\caches\modules-2\files-2.1\org.hibernate.validator\hibernate-validator\6.0.7.Final\8b9d9c7ec8c73963ea0fe81912fc67711a4ef76\hibernate-validator-6.0.7.Final.jar;C:\Users\82009\.gradle\caches\modules-2\files-2.1\org.springframework\spring-webmvc\5.0.4.RELEASE\addcf1caa22613c474bd6dde8c7134fef940b1f0\spring-webmvc-5.0.4.RELEASE.jar;C:\Users\82009\.gradle\caches\modules-2\files-2.1\org.springframework\spring-web\5.0.4.RELEASE\9565bbc67bf1a850a6505deaa5103931712a7b80\spring-web-5.0.4.RELEASE.jar;C:\Users\82009\.gradle\caches\modules-2\files-2.1\org.hibernate\hibernate-core\5.2.14.Final\2132ad4a9fa5088156469ec85306afe574bb8c24\hibernate-core-5.2.14.Final.jar;C:\Users\82009\.gradle\caches\modules-2\files-2.1\javax.transaction\javax.transaction-api\1.2\d81aff979d603edd90dcd8db2abc1f4ce6479e3e\javax.transaction-api-1.2.jar;C:\Users\82009\.gradle\caches\modules-2\files-2.1\org.springframework.data\spring-data-jpa\2.0.5.RELEASE\51b2e315174e32b4c8a4841a147002555add076c\spring-data-jpa-2.0.5.RELEASE.jar;C:\Users\82009\.gradle\caches\modules-2\files-2.1\org.springframework\spring-aspects\5.0.4.RELEASE\454ee13fc4f439065572dd526e81c699d1d61e3e\spring-aspects-5.0.4.RELEASE.jar;C:\Users\82009\.m2\repository\com\google\protobuf\protobuf-java\3.6.1\protobuf-java-3.6.1.jar;C:\Users\82009\.gradle\caches\modules-2\files-2.1\org.springframework.boot\spring-boot-test-autoconfigure\2.0.0.RELEASE\db0595321e96929d9473cf061f3408972d03c6aa\spring-boot-test-autoconfigure-2.0.0.RELEASE.jar;C:\Users\82009\.gradle\caches\modules-2\files-2.1\org.springframework.boot\spring-boot-test\2.0.0.RELEASE\1565e78c2801bd3c7ece0a8ddc08e5ed53676878\spring-boot-test-2.0.0.RELEASE.jar;C:\Users\82009\.gradle\caches\modules-2\files-2.1\com.jayway.jsonpath\json-path\2.4.0\765a4401ceb2dc8d40553c2075eb80a8fa35c2ae\json-path-2.4.0.jar;C:\Users\82009\.gradle\caches\modules-2\files-2.1\org.assertj\assertj-core\3.9.1\c5ce126b15f28d56cd8f960c1a6a058b9c9aea87\assertj-core-3.9.1.jar;C:\Users\82009\.gradle\caches\modules-2\files-2.1\org.mockito\mockito-core\2.15.0\b84bfbbc29cd22c9529409627af6ea2897f4fa85\mockito-core-2.15.0.jar;C:\Users\82009\.gradle\caches\modules-2\files-2.1\org.hamcrest\hamcrest-library\1.3\4785a3c21320980282f9f33d0d1264a69040538f\hamcrest-library-1.3.jar;C:\Users\82009\.m2\repository\org\hamcrest\hamcrest-core\1.3\hamcrest-core-1.3.jar;C:\Users\82009\.gradle\caches\modules-2\files-2.1\org.skyscreamer\jsonassert\1.5.0\6c9d5fe2f59da598d9aefc1cfc6528ff3cf32df3\jsonassert-1.5.0.jar;C:\Users\82009\.gradle\caches\modules-2\files-2.1\org.springframework\spring-test\5.0.4.RELEASE\3fc10b6535a113593fa8780951465012a7677e21\spring-test-5.0.4.RELEASE.jar;C:\Users\82009\.gradle\caches\modules-2\files-2.1\org.springframework.boot\spring-boot-autoconfigure\2.0.0.RELEASE\c89896a469ecf92996ecba40755919896ace5470\spring-boot-autoconfigure-2.0.0.RELEASE.jar;C:\Users\82009\.gradle\caches\modules-2\files-2.1\org.springframework.boot\spring-boot\2.0.0.RELEASE\771da2071ff14a47f108642a641c204ae4ef7b15\spring-boot-2.0.0.RELEASE.jar;C:\Users\82009\.gradle\caches\modules-2\files-2.1\org.springframework\spring-context\5.0.4.RELEASE\3e76d08c851113077642c5704f0f94d5ce58e905\spring-context-5.0.4.RELEASE.jar;C:\Users\82009\.gradle\caches\modules-2\files-2.1\org.springframework\spring-aop\5.0.4.RELEASE\f8e029e54c0267dadb6b9f713f3feb54ec4f3a0e\spring-aop-5.0.4.RELEASE.jar;C:\Users\82009\.gradle\caches\modules-2\files-2.1\org.springframework\spring-orm\5.0.4.RELEASE\dc83e08ecdb4ab28339f87358b53d75b4a8d1b9\spring-orm-5.0.4.RELEASE.jar;C:\Users\82009\.gradle\caches\modules-2\files-2.1\org.springframework\spring-jdbc\5.0.4.RELEASE\6b5ac0db11d81d6319ebd0bb253b2f01713df3ab\spring-jdbc-5.0.4.RELEASE.jar;C:\Users\82009\.gradle\caches\modules-2\files-2.1\org.springframework.data\spring-data-commons\2.0.5.RELEASE\f5357c650f63f3a187d3d4086a9e9132f33851a6\spring-data-commons-2.0.5.RELEASE.jar;C:\Users\82009\.gradle\caches\modules-2\files-2.1\org.springframework\spring-tx\5.0.4.RELEASE\7afc193c5d2b812ee6d2ccaf6fcc81fb83bfb4a7\spring-tx-5.0.4.RELEASE.jar;C:\Users\82009\.gradle\caches\modules-2\files-2.1\org.springframework\spring-beans\5.0.4.RELEASE\7a8c3d48d4c33621e64d1399721d8e067450fcbd\spring-beans-5.0.4.RELEASE.jar;C:\Users\82009\.gradle\caches\modules-2\files-2.1\org.springframework\spring-expression\5.0.4.RELEASE\4bda161f2e34c1486f2527a23eb47293567f473c\spring-expression-5.0.4.RELEASE.jar;C:\Users\82009\.gradle\caches\modules-2\files-2.1\org.springframework\spring-core\5.0.4.RELEASE\2221a957b5561a34f044350ba4e30ef5870254a3\spring-core-5.0.4.RELEASE.jar;C:\Users\82009\.gradle\caches\modules-2\files-2.1\org.xmlunit\xmlunit-core\2.5.1\4ffdb346572a7356f7521cd3119ce5287d2e339d\xmlunit-core-2.5.1.jar;C:\Users\82009\.gradle\caches\modules-2\files-2.1\org.springframework.boot\spring-boot-starter-logging\2.0.0.RELEASE\fe939b71659ef1f98a53cce0b5bcf771685cf6a6\spring-boot-starter-logging-2.0.0.RELEASE.jar;C:\Users\82009\.gradle\caches\modules-2\files-2.1\javax.annotation\javax.annotation-api\1.3.2\934c04d3cfef185a8008e7bf34331b79730a9d43\javax.annotation-api-1.3.2.jar;C:\Users\82009\.gradle\caches\modules-2\files-2.1\org.yaml\snakeyaml\1.19\2d998d3d674b172a588e54ab619854d073f555b5\snakeyaml-1.19.jar;C:\Users\82009\.gradle\caches\modules-2\files-2.1\com.fasterxml.jackson.datatype\jackson-datatype-jdk8\2.9.4\63ac052d52a70a15820d3dc07ea757826fd51d40\jackson-datatype-jdk8-2.9.4.jar;C:\Users\82009\.gradle\caches\modules-2\files-2.1\com.fasterxml.jackson.datatype\jackson-datatype-jsr310\2.9.4\12d52679a6615c7972ea25bd8ebb60b191fe79b7\jackson-datatype-jsr310-2.9.4.jar;C:\Users\82009\.gradle\caches\modules-2\files-2.1\com.fasterxml.jackson.module\jackson-module-parameter-names\2.9.4\5833c819877c3e85bad847f4d2fa4e70379217c6\jackson-module-parameter-names-2.9.4.jar;C:\Users\82009\.gradle\caches\modules-2\files-2.1\com.fasterxml.jackson.core\jackson-databind\2.9.4\498bbc3b94f566982c7f7c6d4d303fce365529be\jackson-databind-2.9.4.jar;C:\Users\82009\.gradle\caches\modules-2\files-2.1\org.apache.tomcat.embed\tomcat-embed-websocket\8.5.28\8a5a48740dd80cad644ceb541e77fd8e0809e3b7\tomcat-embed-websocket-8.5.28.jar;C:\Users\82009\.gradle\caches\modules-2\files-2.1\org.apache.tomcat.embed\tomcat-embed-core\8.5.28\b684c98cf77c6528079c4e59fc1feeb218bf82f1\tomcat-embed-core-8.5.28.jar;C:\Users\82009\.gradle\caches\modules-2\files-2.1\org.apache.tomcat.embed\tomcat-embed-el\8.5.28\75745598f60646ccf0c4b105468a9c8be9b8432e\tomcat-embed-el-8.5.28.jar;C:\Users\82009\.gradle\caches\modules-2\files-2.1\javax.validation\validation-api\2.0.1.Final\cb855558e6271b1b32e716d24cb85c7f583ce09e\validation-api-2.0.1.Final.jar;C:\Users\82009\.gradle\caches\modules-2\files-2.1\org.hibernate.common\hibernate-commons-annotations\5.0.1.Final\71e1cff3fcb20d3b3af4f3363c3ddb24d33c6879\hibernate-commons-annotations-5.0.1.Final.jar;C:\Users\82009\.gradle\caches\modules-2\files-2.1\org.jboss.logging\jboss-logging\3.3.1.Final\c46217ab74b532568c0ed31dc599db3048bd1b67\jboss-logging-3.3.1.Final.jar;C:\Users\82009\.gradle\caches\modules-2\files-2.1\com.fasterxml\classmate\1.3.1\2ad2fd09dcf5607ca96f8ef432096a96986c40a\classmate-1.3.1.jar;C:\Users\82009\.gradle\caches\modules-2\files-2.1\org.aspectj\aspectjweaver\1.8.13\ad94df2a28d658a40dc27bbaff6a1ce5fbf04e9b\aspectjweaver-1.8.13.jar;C:\Users\82009\.gradle\caches\modules-2\files-2.1\com.zaxxer\HikariCP\2.7.8\4a3a604fa2efa89621aa498d04e000b2bed90c39\HikariCP-2.7.8.jar;C:\Users\82009\.gradle\caches\modules-2\files-2.1\org.hibernate.javax.persistence\hibernate-jpa-2.1-api\1.0.0.Final\5e731d961297e5a07290bfaf3db1fbc8bbbf405a\hibernate-jpa-2.1-api-1.0.0.Final.jar;C:\Users\82009\.gradle\caches\modules-2\files-2.1\org.javassist\javassist\3.22.0-GA\3e83394258ae2089be7219b971ec21a8288528ad\javassist-3.22.0-GA.jar;C:\Users\82009\.m2\repository\antlr\antlr\2.7.7\antlr-2.7.7.jar;C:\Users\82009\.gradle\caches\modules-2\files-2.1\org.jboss\jandex\2.0.3.Final\bfc4d6257dbff7a33a357f0de116be6ff951d849\jandex-2.0.3.Final.jar;C:\Users\82009\.gradle\caches\modules-2\files-2.1\dom4j\dom4j\1.6.1\5d3ccc056b6f056dbf0dddfdf43894b9065a8f94\dom4j-1.6.1.jar;C:\Users\82009\.gradle\caches\modules-2\files-2.1\ch.qos.logback\logback-classic\1.2.3\7c4f3c474fb2c041d8028740440937705ebb473a\logback-classic-1.2.3.jar;C:\Users\82009\.gradle\caches\modules-2\files-2.1\org.apache.logging.log4j\log4j-to-slf4j\2.10.0\f7e631ccf49cfc0aefa4a2a728da7d374c05bd3c\log4j-to-slf4j-2.10.0.jar;C:\Users\82009\.gradle\caches\modules-2\files-2.1\org.slf4j\jul-to-slf4j\1.7.25\af5364cd6679bfffb114f0dec8a157aaa283b76\jul-to-slf4j-1.7.25.jar;C:\Users\82009\.gradle\caches\modules-2\files-2.1\org.slf4j\slf4j-api\1.7.25\da76ca59f6a57ee3102f8f9bd9cee742973efa8a\slf4j-api-1.7.25.jar;C:\Users\82009\.gradle\caches\modules-2\files-2.1\net.minidev\json-smart\2.3\7396407491352ce4fa30de92efb158adb76b5b\json-smart-2.3.jar;C:\Users\82009\.gradle\caches\modules-2\files-2.1\net.bytebuddy\byte-buddy\1.7.9\51218a01a882c04d0aba8c028179cce488bbcb58\byte-buddy-1.7.9.jar;C:\Users\82009\.gradle\caches\modules-2\files-2.1\net.bytebuddy\byte-buddy-agent\1.7.9\a6c65f9da7f467ee1f02ff2841ffd3155aee2fc9\byte-buddy-agent-1.7.9.jar;C:\Users\82009\.gradle\caches\modules-2\files-2.1\org.objenesis\objenesis\2.6\639033469776fd37c08358c6b92a4761feb2af4b\objenesis-2.6.jar;C:\Users\82009\.gradle\caches\modules-2\files-2.1\com.vaadin.external.google\android-json\0.0.20131108.vaadin1\fa26d351fe62a6a17f5cda1287c1c6110dec413f\android-json-0.0.20131108.vaadin1.jar;C:\Users\82009\.gradle\caches\modules-2\files-2.1\org.springframework\spring-jcl\5.0.4.RELEASE\3053e2bad0a18571bdbb9596ce51f9d458f5934f\spring-jcl-5.0.4.RELEASE.jar;C:\Users\82009\.gradle\caches\modules-2\files-2.1\com.fasterxml.jackson.core\jackson-annotations\2.9.0\7c10d545325e3a6e72e06381afe469fd40eb701\jackson-annotations-2.9.0.jar;C:\Users\82009\.gradle\caches\modules-2\files-2.1\com.fasterxml.jackson.core\jackson-core\2.9.4\a9a71ec1aa37da47db168fede9a4a5fb5e374320\jackson-core-2.9.4.jar;C:\Users\82009\.gradle\caches\modules-2\files-2.1\net.minidev\accessors-smart\1.2\c592b500269bfde36096641b01238a8350f8aa31\accessors-smart-1.2.jar;C:\Users\82009\.gradle\caches\modules-2\files-2.1\ch.qos.logback\logback-core\1.2.3\864344400c3d4d92dfeb0a305dc87d953677c03c\logback-core-1.2.3.jar;C:\Users\82009\.gradle\caches\modules-2\files-2.1\org.apache.logging.log4j\log4j-api\2.10.0\fec5797a55b786184a537abd39c3fa1449d752d6\log4j-api-2.10.0.jar;C:\Users\82009\.gradle\caches\modules-2\files-2.1\org.apache.tomcat\tomcat-annotations-api\8.5.28\25dd92ba2548e684687f9024e2848ea98ab63f3a\tomcat-annotations-api-8.5.28.jar;C:\Users\82009\.gradle\caches\modules-2\files-2.1\org.ow2.asm\asm\5.0.4\da08b8cce7bbf903602a25a3a163ae252435795\asm-5.0.4.jar, user.name=82009, java.vm.specification.version=1.8, sun.java.command=worker.org.gradle.process.internal.worker.GradleWorkerMain 'Gradle Test Executor 18', java.home=E:\JDK\jre, sun.arch.data.model=64, user.language=zh, java.specification.vendor=Oracle Corporation, awt.toolkit=sun.awt.windows.WToolkit, java.vm.info=mixed mode, java.version=1.8.0_181, java.ext.dirs=E:\JDK\jre\lib\ext;C:\WINDOWS\Sun\Java\lib\ext, sun.boot.class.path=E:\JDK\jre\lib\resources.jar;E:\JDK\jre\lib\rt.jar;E:\JDK\jre\lib\sunrsasign.jar;E:\JDK\jre\lib\jsse.jar;E:\JDK\jre\lib\jce.jar;E:\JDK\jre\lib\charsets.jar;E:\JDK\jre\lib\jfr.jar;E:\JDK\jre\classes, java.vendor=Oracle Corporation, org.gradle.test.worker=18, file.separator=\, java.vendor.url.bug=http://bugreport.sun.com/bugreport/, sun.io.unicode.encoding=UnicodeLittle, sun.cpu.endian=little, sun.desktop=windows, sun.cpu.isalist=amd64}}, SystemEnvironmentPropertySource@1744811757 {name='systemEnvironment', properties={configsetroot=C:\WINDOWS\ConfigSetRoot, USERDOMAIN_ROAMINGPROFILE=LAPTOP-4L910JHT, LXKSERVER=123, PROCESSOR_LEVEL=6, SESSIONNAME=Console, ALLUSERSPROFILE=C:\ProgramData, LNKEVN=C:\Program Files (x86)\Internet Explorer\iexplore.exe, PROCESSOR_ARCHITECTURE=AMD64, PSModulePath=C:\Program Files\WindowsPowerShell\Modules;C:\WINDOWS\system32\WindowsPowerShell\v1.0\Modules, SystemDrive=C:, USERNAME=82009, ProgramFiles(x86)=C:\Program Files (x86), FPS_BROWSER_USER_PROFILE_STRING=Default, PATHEXT=.COM;.EXE;.BAT;.CMD;.VBS;.VBE;.JS;.JSE;.WSF;.WSH;.MSC, DriverData=C:\Windows\System32\Drivers\DriverData, OneDriveConsumer=D:\OneDrive, ProgramData=C:\ProgramData, ProgramW6432=C:\Program Files, HOMEPATH=\Users\82009, MYSQL_HOME=D:\qianduanziliaoaaaaaaaaaaaaaaaaaa\wamp\bin\mysql\mysql5.5.20, PROCESSOR_IDENTIFIER=Intel64 Family 6 Model 142 Stepping 9, GenuineIntel, ProgramFiles=C:\Program Files, PUBLIC=C:\Users\Public, windir=C:\WINDOWS, =::=::\, LOCALAPPDATA=C:\Users\82009\AppData\Local, PT5HOME=E:\计算机网络\课设\Cisco Packet Tracer 6.0, USERDOMAIN=LAPTOP-4L910JHT, FPS_BROWSER_APP_PROFILE_STRING=Internet Explorer, LOGONSERVER=\\LAPTOP-4L910JHT, OneDrive=D:\OneDrive, APPDATA=C:\Users\82009\AppData\Roaming, CommonProgramFiles=C:\Program Files\Common Files, Path=E:\java工具在里面\Java\jdk1.8.0_181\bin;C:\;rogram Files (x86)\NVIDIA Corporation\PhysX\Common;C:\Program Files\NVIDIA Corporation\NVIDIA NvDLISR;C:\Android;C:\Windows\System32;E:\2019大三下学期\Web\git\Git\cmd;C:\WINDOWS;C:\WINDOWS\system32\wbem;C:\WINDOWS\system32;C:\WINDOWS\System32\Wbem;C:\WINDOWS\System32\WindowsPowerShell\v1.0\;C:\WINDOWS\System32\OpenSSH\;D:\qianduanziliaoaaaaaaaaaaaaaaaaaa\wamp\bin\mysql\mysql5.5.20\bin;E:\2019大三下学期\Web\node\;E:\JDK\bin;;E:\Microsoft VS Code\bin;C:\Users\82009\AppData\Local\Microsoft\WindowsApps;C:\Users\82009\AppData\Roaming\npm, PT7HOME=E:\2018~2019\计算机网络\课设\Cisco Packet Tracer 7.0, ANDROID_SDK_HOME=C:\Android, OS=Windows_NT, COMPUTERNAME=LAPTOP-4L910JHT, PROCESSOR_REVISION=8e09, CommonProgramW6432=C:\Program Files\Common Files, ComSpec=C:\WINDOWS\system32\cmd.exe, SystemRoot=C:\WINDOWS, TEMP=C:\Users\82009\AppData\Local\Temp, HOMEDRIVE=C:, PT6HOME=E:\计算机网络\课设\Cisco Packet Tracer 6.0, USERPROFILE=C:\Users\82009, TMP=C:\Users\82009\AppData\Local\Temp, CommonProgramFiles(x86)=C:\Program Files (x86)\Common Files, NUMBER_OF_PROCESSORS=4, IDEA_INITIAL_DIRECTORY=C:\Users\82009\Desktop}}]
23:32:34.548 [Test worker] DEBUG org.springframework.core.io.support.PathMatchingResourcePatternResolver - Resolved classpath location [com/gwh/manager/controller/] to resources [URL [file:/C:/Users/82009/Desktop/licaixitong/manager/build/classes/java/test/com/gwh/manager/controller/], URL [file:/C:/Users/82009/Desktop/licaixitong/manager/build/classes/java/main/com/gwh/manager/controller/]]
23:32:34.549 [Test worker] DEBUG org.springframework.core.io.support.PathMatchingResourcePatternResolver - Looking for matching resources in directory tree [C:\Users\82009\Desktop\licaixitong\manager\build\classes\java\test\com\gwh\manager\controller]
23:32:34.550 [Test worker] DEBUG org.springframework.core.io.support.PathMatchingResourcePatternResolver - Searching directory [C:\Users\82009\Desktop\licaixitong\manager\build\classes\java\test\com\gwh\manager\controller] for files matching pattern [C:/Users/82009/Desktop/licaixitong/manager/build/classes/java/test/com/gwh/manager/controller/*.class]
23:32:34.557 [Test worker] DEBUG org.springframework.core.io.support.PathMatchingResourcePatternResolver - Looking for matching resources in directory tree [C:\Users\82009\Desktop\licaixitong\manager\build\classes\java\main\com\gwh\manager\controller]
23:32:34.559 [Test worker] DEBUG org.springframework.core.io.support.PathMatchingResourcePatternResolver - Searching directory [C:\Users\82009\Desktop\licaixitong\manager\build\classes\java\main\com\gwh\manager\controller] for files matching pattern [C:/Users/82009/Desktop/licaixitong/manager/build/classes/java/main/com/gwh/manager/controller/*.class]
23:32:34.561 [Test worker] DEBUG org.springframework.core.io.support.PathMatchingResourcePatternResolver - Resolved location pattern [classpath*:com/gwh/manager/controller/*.class] to resources [file [C:\Users\82009\Desktop\licaixitong\manager\build\classes\java\test\com\gwh\manager\controller\ProductControllerTest$1.class], file [C:\Users\82009\Desktop\licaixitong\manager\build\classes\java\test\com\gwh\manager\controller\ProductControllerTest.class], file [C:\Users\82009\Desktop\licaixitong\manager\build\classes\java\main\com\gwh\manager\controller\ProductController.class]]
23:32:34.646 [Test worker] DEBUG org.springframework.core.io.support.PathMatchingResourcePatternResolver - Resolved classpath location [com/gwh/manager/] to resources [URL [file:/C:/Users/82009/Desktop/licaixitong/manager/build/classes/java/test/com/gwh/manager/], URL [file:/C:/Users/82009/Desktop/licaixitong/manager/build/classes/java/main/com/gwh/manager/]]
23:32:34.647 [Test worker] DEBUG org.springframework.core.io.support.PathMatchingResourcePatternResolver - Looking for matching resources in directory tree [C:\Users\82009\Desktop\licaixitong\manager\build\classes\java\test\com\gwh\manager]
23:32:34.648 [Test worker] DEBUG org.springframework.core.io.support.PathMatchingResourcePatternResolver - Searching directory [C:\Users\82009\Desktop\licaixitong\manager\build\classes\java\test\com\gwh\manager] for files matching pattern [C:/Users/82009/Desktop/licaixitong/manager/build/classes/java/test/com/gwh/manager/*.class]
23:32:34.650 [Test worker] DEBUG org.springframework.core.io.support.PathMatchingResourcePatternResolver - Looking for matching resources in directory tree [C:\Users\82009\Desktop\licaixitong\manager\build\classes\java\main\com\gwh\manager]
23:32:34.651 [Test worker] DEBUG org.springframework.core.io.support.PathMatchingResourcePatternResolver - Searching directory [C:\Users\82009\Desktop\licaixitong\manager\build\classes\java\main\com\gwh\manager] for files matching pattern [C:/Users/82009/Desktop/licaixitong/manager/build/classes/java/main/com/gwh/manager/*.class]
23:32:34.653 [Test worker] DEBUG org.springframework.core.io.support.PathMatchingResourcePatternResolver - Resolved location pattern [classpath*:com/gwh/manager/*.class] to resources [file [C:\Users\82009\Desktop\licaixitong\manager\build\classes\java\main\com\gwh\manager\ManagerApp.class]]
23:32:34.718 [Test worker] DEBUG org.springframework.context.annotation.ClassPathScanningCandidateComponentProvider - Identified candidate component class: file [C:\Users\82009\Desktop\licaixitong\manager\build\classes\java\main\com\gwh\manager\ManagerApp.class]
23:32:34.720 [Test worker] INFO org.springframework.boot.test.context.SpringBootTestContextBootstrapper - Found @SpringBootConfiguration com.gwh.manager.ManagerApp for test class com.gwh.manager.controller.ProductControllerTest
23:32:35.013 [Test worker] DEBUG org.springframework.boot.test.context.SpringBootTestContextBootstrapper - @TestExecutionListeners is not present for class [com.gwh.manager.controller.ProductControllerTest]: using defaults.
23:32:35.015 [Test worker] INFO org.springframework.boot.test.context.SpringBootTestContextBootstrapper - Loaded default TestExecutionListener class names from location [META-INF/spring.factories]: [org.springframework.boot.test.autoconfigure.restdocs.RestDocsTestExecutionListener, org.springframework.boot.test.autoconfigure.web.client.MockRestServiceServerResetTestExecutionListener, org.springframework.boot.test.autoconfigure.web.servlet.MockMvcPrintOnlyOnFailureTestExecutionListener, org.springframework.boot.test.autoconfigure.web.servlet.WebDriverTestExecutionListener, org.springframework.boot.test.mock.mockito.MockitoTestExecutionListener, org.springframework.boot.test.mock.mockito.ResetMocksTestExecutionListener, org.springframework.test.context.web.ServletTestExecutionListener, org.springframework.test.context.support.DirtiesContextBeforeModesTestExecutionListener, org.springframework.test.context.support.DependencyInjectionTestExecutionListener, org.springframework.test.context.support.DirtiesContextTestExecutionListener, org.springframework.test.context.transaction.TransactionalTestExecutionListener, org.springframework.test.context.jdbc.SqlScriptsTestExecutionListener]
23:32:35.063 [Test worker] INFO org.springframework.boot.test.context.SpringBootTestContextBootstrapper - Using TestExecutionListeners: [org.springframework.test.context.web.ServletTestExecutionListener@6c6b2e62, org.springframework.test.context.support.DirtiesContextBeforeModesTestExecutionListener@4285d21e, org.springframework.boot.test.mock.mockito.MockitoTestExecutionListener@15a42e42, org.springframework.boot.test.autoconfigure.SpringBootDependencyInjectionTestExecutionListener@14a1eb26, org.springframework.test.context.support.DirtiesContextTestExecutionListener@210cdfee, org.springframework.test.context.transaction.TransactionalTestExecutionListener@4d75ecf3, org.springframework.test.context.jdbc.SqlScriptsTestExecutionListener@79970d21, org.springframework.boot.test.autoconfigure.restdocs.RestDocsTestExecutionListener@62f421ee, org.springframework.boot.test.autoconfigure.web.client.MockRestServiceServerResetTestExecutionListener@254061f1, org.springframework.boot.test.autoconfigure.web.servlet.MockMvcPrintOnlyOnFailureTestExecutionListener@47b013de, org.springframework.boot.test.autoconfigure.web.servlet.WebDriverTestExecutionListener@68fe00c, org.springframework.boot.test.mock.mockito.ResetMocksTestExecutionListener@45375a62]
23:32:35.069 [Test worker] DEBUG org.springframework.test.annotation.ProfileValueUtils - Retrieved @ProfileValueSourceConfiguration [null] for test class [com.gwh.manager.controller.ProductControllerTest]
23:32:35.070 [Test worker] DEBUG org.springframework.test.annotation.ProfileValueUtils - Retrieved ProfileValueSource type [class org.springframework.test.annotation.SystemProfileValueSource] for class [com.gwh.manager.controller.ProductControllerTest]
23:32:35.082 [Test worker] DEBUG org.springframework.test.annotation.ProfileValueUtils - Retrieved @ProfileValueSourceConfiguration [null] for test class [com.gwh.manager.controller.ProductControllerTest]
23:32:35.082 [Test worker] DEBUG org.springframework.test.annotation.ProfileValueUtils - Retrieved ProfileValueSource type [class org.springframework.test.annotation.SystemProfileValueSource] for class [com.gwh.manager.controller.ProductControllerTest]
23:32:35.083 [Test worker] DEBUG org.springframework.test.annotation.ProfileValueUtils - Retrieved @ProfileValueSourceConfiguration [null] for test class [com.gwh.manager.controller.ProductControllerTest]
23:32:35.084 [Test worker] DEBUG org.springframework.test.annotation.ProfileValueUtils - Retrieved ProfileValueSource type [class org.springframework.test.annotation.SystemProfileValueSource] for class [com.gwh.manager.controller.ProductControllerTest]
23:32:35.095 [Test worker] DEBUG org.springframework.test.context.support.AbstractDirtiesContextTestExecutionListener - Before test class: context [DefaultTestContext@683308bc testClass = ProductControllerTest, testInstance = [null], testMethod = [null], testException = [null], mergedContextConfiguration = [WebMergedContextConfiguration@739d82f3 testClass = ProductControllerTest, locations = '{}', classes = '{class com.gwh.manager.ManagerApp}', contextInitializerClasses = '[]', activeProfiles = '{}', propertySourceLocations = '{}', propertySourceProperties = '{org.springframework.boot.test.context.SpringBootTestContextBootstrapper=true, server.port=0}', contextCustomizers = set[org.springframework.boot.test.autoconfigure.properties.PropertyMappingContextCustomizer@0, org.springframework.boot.test.autoconfigure.web.servlet.WebDriverContextCustomizerFactory$Customizer@25058204, org.springframework.boot.test.context.filter.ExcludeFilterContextCustomizer@2e3e7f18, org.springframework.boot.test.json.DuplicateJsonObjectContextCustomizerFactory$DuplicateJsonObjectContextCustomizer@48199a27, org.springframework.boot.test.mock.mockito.MockitoContextCustomizer@0, org.springframework.boot.test.web.client.TestRestTemplateContextCustomizer@1386eade], resourceBasePath = 'src/main/webapp', contextLoader = 'org.springframework.boot.test.context.SpringBootContextLoader', parent = [null]], attributes = map['org.springframework.test.context.web.ServletTestExecutionListener.activateListener' -> false]], class annotated with @DirtiesContext [false] with mode [null].
23:32:35.701 [Test worker] DEBUG org.springframework.test.annotation.ProfileValueUtils - Retrieved @ProfileValueSourceConfiguration [null] for test class [com.gwh.manager.controller.ProductControllerTest]
23:32:35.701 [Test worker] DEBUG org.springframework.test.annotation.ProfileValueUtils - Retrieved ProfileValueSource type [class org.springframework.test.annotation.SystemProfileValueSource] for class [com.gwh.manager.controller.ProductControllerTest]
23:32:35.712 [Test worker] DEBUG org.springframework.test.context.support.DependencyInjectionTestExecutionListener - Performing dependency injection for test context [[DefaultTestContext@683308bc testClass = ProductControllerTest, testInstance = com.gwh.manager.controller.ProductControllerTest@77c12950, testMethod = [null], testException = [null], mergedContextConfiguration = [WebMergedContextConfiguration@739d82f3 testClass = ProductControllerTest, locations = '{}', classes = '{class com.gwh.manager.ManagerApp}', contextInitializerClasses = '[]', activeProfiles = '{}', propertySourceLocations = '{}', propertySourceProperties = '{org.springframework.boot.test.context.SpringBootTestContextBootstrapper=true, server.port=0}', contextCustomizers = set[org.springframework.boot.test.autoconfigure.properties.PropertyMappingContextCustomizer@0, org.springframework.boot.test.autoconfigure.web.servlet.WebDriverContextCustomizerFactory$Customizer@25058204, org.springframework.boot.test.context.filter.ExcludeFilterContextCustomizer@2e3e7f18, org.springframework.boot.test.json.DuplicateJsonObjectContextCustomizerFactory$DuplicateJsonObjectContextCustomizer@48199a27, org.springframework.boot.test.mock.mockito.MockitoContextCustomizer@0, org.springframework.boot.test.web.client.TestRestTemplateContextCustomizer@1386eade], resourceBasePath = 'src/main/webapp', contextLoader = 'org.springframework.boot.test.context.SpringBootContextLoader', parent = [null]], attributes = map['org.springframework.test.context.web.ServletTestExecutionListener.activateListener' -> false]]].
23:32:35.776 [Test worker] DEBUG org.springframework.core.env.StandardEnvironment - Adding PropertySource 'systemProperties' with lowest search precedence
23:32:35.776 [Test worker] DEBUG org.springframework.core.env.StandardEnvironment - Adding PropertySource 'systemEnvironment' with lowest search precedence
23:32:35.777 [Test worker] DEBUG org.springframework.core.env.StandardEnvironment - Initialized StandardEnvironment with PropertySources [MapPropertySource@1019120 {name='systemProperties', properties={java.runtime.name=Java(TM) SE Runtime Environment, sun.boot.library.path=E:\JDK\jre\bin, java.vm.version=25.181-b13, java.vm.vendor=Oracle Corporation, java.vendor.url=http://java.oracle.com/, path.separator=;, java.vm.name=Java HotSpot(TM) 64-Bit Server VM, file.encoding.pkg=sun.io, user.script=, sun.java.launcher=SUN_STANDARD, user.country=CN, sun.os.patch.level=, java.vm.specification.name=Java Virtual Machine Specification, user.dir=C:\Users\82009\Desktop\licaixitong\manager, java.runtime.version=1.8.0_181-b13, java.awt.graphicsenv=sun.awt.Win32GraphicsEnvironment, java.endorsed.dirs=E:\JDK\jre\lib\endorsed, os.arch=amd64, java.io.tmpdir=C:\Users\82009\AppData\Local\Temp\, line.separator=
, java.vm.specification.vendor=Oracle Corporation, user.variant=, os.name=Windows 10, sun.jnu.encoding=GBK, java.library.path=E:\JDK\bin;C:\WINDOWS\Sun\Java\bin;C:\WINDOWS\system32;C:\WINDOWS;E:\java工具在里面\Java\jdk1.8.0_181\bin;C:\;rogram Files (x86)\NVIDIA Corporation\PhysX\Common;C:\Program Files\NVIDIA Corporation\NVIDIA NvDLISR;C:\Android;C:\Windows\System32;E:\2019大三下学期\Web\git\Git\cmd;C:\WINDOWS;C:\WINDOWS\system32\wbem;C:\WINDOWS\system32;C:\WINDOWS\System32\Wbem;C:\WINDOWS\System32\WindowsPowerShell\v1.0\;C:\WINDOWS\System32\OpenSSH\;D:\qianduanziliaoaaaaaaaaaaaaaaaaaa\wamp\bin\mysql\mysql5.5.20\bin;E:\2019大三下学期\Web\node\;E:\JDK\bin;;E:\Microsoft VS Code\bin;C:\Users\82009\AppData\Local\Microsoft\WindowsApps;C:\Users\82009\AppData\Roaming\npm;., java.specification.name=Java Platform API Specification, java.class.version=52.0, org.gradle.native=false, sun.management.compiler=HotSpot 64-Bit Tiered Compilers, os.version=10.0, user.home=C:\Users\82009, user.timezone=Asia/Shanghai, java.awt.printerjob=sun.awt.windows.WPrinterJob, file.encoding=GBK, java.specification.version=1.8, java.class.path=C:\Users\82009\Desktop\licaixitong\manager\build\classes\java\test;C:\Users\82009\Desktop\licaixitong\manager\build\resources\test;C:\Users\82009\Desktop\licaixitong\manager\build\classes\java\main;C:\Users\82009\Desktop\licaixitong\manager\build\resources\main;C:\Users\82009\Desktop\licaixitong\entity\build\libs\entity-1.0-SNAPSHOT.jar;C:\Users\82009\Desktop\licaixitong\util\build\libs\util.jar;C:\Users\82009\.gradle\caches\modules-2\files-2.1\org.springframework.boot\spring-boot-starter-web\2.0.0.RELEASE\fcb2a9e18f98382e626935841f85ed44d7153615\spring-boot-starter-web-2.0.0.RELEASE.jar;C:\Users\82009\.gradle\caches\modules-2\files-2.1\org.springframework.boot\spring-boot-starter-data-jpa\2.0.0.RELEASE\cc7bc2df046149870255d22367f8f7276eb82e98\spring-boot-starter-data-jpa-2.0.0.RELEASE.jar;C:\Users\82009\.gradle\caches\modules-2\files-2.1\org.apache.commons\commons-lang3\3.5\6c6c702c89bfff3cd9e80b04d668c5e190d588c6\commons-lang3-3.5.jar;C:\Users\82009\.gradle\caches\modules-2\files-2.1\com.h2database\h2\1.4.195\b25cc38f12b977694b8c85848e5bbecb2d88fd96\h2-1.4.195.jar;C:\Users\82009\.m2\repository\mysql\mysql-connector-java\8.0.16\mysql-connector-java-8.0.16.jar;C:\Users\82009\.gradle\caches\modules-2\files-2.1\org.springframework.boot\spring-boot-starter-test\2.0.0.RELEASE\4ff0e1d9bd315a4a5867e9c6128691cac8b37348\spring-boot-starter-test-2.0.0.RELEASE.jar;C:\Users\82009\.m2\repository\junit\junit\4.12\junit-4.12.jar;C:\Users\82009\.gradle\caches\modules-2\files-2.1\org.springframework.boot\spring-boot-starter-json\2.0.0.RELEASE\5a09c939d8bd60d7f163c1c0c20a3127ba9fffa\spring-boot-starter-json-2.0.0.RELEASE.jar;C:\Users\82009\.gradle\caches\modules-2\files-2.1\org.springframework.boot\spring-boot-starter-aop\2.0.0.RELEASE\9afd572ca8de272e6d919d914db5c73cd7d06ea2\spring-boot-starter-aop-2.0.0.RELEASE.jar;C:\Users\82009\.gradle\caches\modules-2\files-2.1\org.springframework.boot\spring-boot-starter-jdbc\2.0.0.RELEASE\bfe586f729ed86a421a79ac1b18d4e05acd25d68\spring-boot-starter-jdbc-2.0.0.RELEASE.jar;C:\Users\82009\.gradle\caches\modules-2\files-2.1\org.springframework.boot\spring-boot-starter\2.0.0.RELEASE\6d7d8e4bf053cd1833f3c7dbce676bc274f0892f\spring-boot-starter-2.0.0.RELEASE.jar;C:\Users\82009\.gradle\caches\modules-2\files-2.1\org.springframework.boot\spring-boot-starter-tomcat\2.0.0.RELEASE\908bc9de1a7cfa857edf44182d426f6e0d8a3008\spring-boot-starter-tomcat-2.0.0.RELEASE.jar;C:\Users\82009\.gradle\caches\modules-2\files-2.1\org.hibernate.validator\hibernate-validator\6.0.7.Final\8b9d9c7ec8c73963ea0fe81912fc67711a4ef76\hibernate-validator-6.0.7.Final.jar;C:\Users\82009\.gradle\caches\modules-2\files-2.1\org.springframework\spring-webmvc\5.0.4.RELEASE\addcf1caa22613c474bd6dde8c7134fef940b1f0\spring-webmvc-5.0.4.RELEASE.jar;C:\Users\82009\.gradle\caches\modules-2\files-2.1\org.springframework\spring-web\5.0.4.RELEASE\9565bbc67bf1a850a6505deaa5103931712a7b80\spring-web-5.0.4.RELEASE.jar;C:\Users\82009\.gradle\caches\modules-2\files-2.1\org.hibernate\hibernate-core\5.2.14.Final\2132ad4a9fa5088156469ec85306afe574bb8c24\hibernate-core-5.2.14.Final.jar;C:\Users\82009\.gradle\caches\modules-2\files-2.1\javax.transaction\javax.transaction-api\1.2\d81aff979d603edd90dcd8db2abc1f4ce6479e3e\javax.transaction-api-1.2.jar;C:\Users\82009\.gradle\caches\modules-2\files-2.1\org.springframework.data\spring-data-jpa\2.0.5.RELEASE\51b2e315174e32b4c8a4841a147002555add076c\spring-data-jpa-2.0.5.RELEASE.jar;C:\Users\82009\.gradle\caches\modules-2\files-2.1\org.springframework\spring-aspects\5.0.4.RELEASE\454ee13fc4f439065572dd526e81c699d1d61e3e\spring-aspects-5.0.4.RELEASE.jar;C:\Users\82009\.m2\repository\com\google\protobuf\protobuf-java\3.6.1\protobuf-java-3.6.1.jar;C:\Users\82009\.gradle\caches\modules-2\files-2.1\org.springframework.boot\spring-boot-test-autoconfigure\2.0.0.RELEASE\db0595321e96929d9473cf061f3408972d03c6aa\spring-boot-test-autoconfigure-2.0.0.RELEASE.jar;C:\Users\82009\.gradle\caches\modules-2\files-2.1\org.springframework.boot\spring-boot-test\2.0.0.RELEASE\1565e78c2801bd3c7ece0a8ddc08e5ed53676878\spring-boot-test-2.0.0.RELEASE.jar;C:\Users\82009\.gradle\caches\modules-2\files-2.1\com.jayway.jsonpath\json-path\2.4.0\765a4401ceb2dc8d40553c2075eb80a8fa35c2ae\json-path-2.4.0.jar;C:\Users\82009\.gradle\caches\modules-2\files-2.1\org.assertj\assertj-core\3.9.1\c5ce126b15f28d56cd8f960c1a6a058b9c9aea87\assertj-core-3.9.1.jar;C:\Users\82009\.gradle\caches\modules-2\files-2.1\org.mockito\mockito-core\2.15.0\b84bfbbc29cd22c9529409627af6ea2897f4fa85\mockito-core-2.15.0.jar;C:\Users\82009\.gradle\caches\modules-2\files-2.1\org.hamcrest\hamcrest-library\1.3\4785a3c21320980282f9f33d0d1264a69040538f\hamcrest-library-1.3.jar;C:\Users\82009\.m2\repository\org\hamcrest\hamcrest-core\1.3\hamcrest-core-1.3.jar;C:\Users\82009\.gradle\caches\modules-2\files-2.1\org.skyscreamer\jsonassert\1.5.0\6c9d5fe2f59da598d9aefc1cfc6528ff3cf32df3\jsonassert-1.5.0.jar;C:\Users\82009\.gradle\caches\modules-2\files-2.1\org.springframework\spring-test\5.0.4.RELEASE\3fc10b6535a113593fa8780951465012a7677e21\spring-test-5.0.4.RELEASE.jar;C:\Users\82009\.gradle\caches\modules-2\files-2.1\org.springframework.boot\spring-boot-autoconfigure\2.0.0.RELEASE\c89896a469ecf92996ecba40755919896ace5470\spring-boot-autoconfigure-2.0.0.RELEASE.jar;C:\Users\82009\.gradle\caches\modules-2\files-2.1\org.springframework.boot\spring-boot\2.0.0.RELEASE\771da2071ff14a47f108642a641c204ae4ef7b15\spring-boot-2.0.0.RELEASE.jar;C:\Users\82009\.gradle\caches\modules-2\files-2.1\org.springframework\spring-context\5.0.4.RELEASE\3e76d08c851113077642c5704f0f94d5ce58e905\spring-context-5.0.4.RELEASE.jar;C:\Users\82009\.gradle\caches\modules-2\files-2.1\org.springframework\spring-aop\5.0.4.RELEASE\f8e029e54c0267dadb6b9f713f3feb54ec4f3a0e\spring-aop-5.0.4.RELEASE.jar;C:\Users\82009\.gradle\caches\modules-2\files-2.1\org.springframework\spring-orm\5.0.4.RELEASE\dc83e08ecdb4ab28339f87358b53d75b4a8d1b9\spring-orm-5.0.4.RELEASE.jar;C:\Users\82009\.gradle\caches\modules-2\files-2.1\org.springframework\spring-jdbc\5.0.4.RELEASE\6b5ac0db11d81d6319ebd0bb253b2f01713df3ab\spring-jdbc-5.0.4.RELEASE.jar;C:\Users\82009\.gradle\caches\modules-2\files-2.1\org.springframework.data\spring-data-commons\2.0.5.RELEASE\f5357c650f63f3a187d3d4086a9e9132f33851a6\spring-data-commons-2.0.5.RELEASE.jar;C:\Users\82009\.gradle\caches\modules-2\files-2.1\org.springframework\spring-tx\5.0.4.RELEASE\7afc193c5d2b812ee6d2ccaf6fcc81fb83bfb4a7\spring-tx-5.0.4.RELEASE.jar;C:\Users\82009\.gradle\caches\modules-2\files-2.1\org.springframework\spring-beans\5.0.4.RELEASE\7a8c3d48d4c33621e64d1399721d8e067450fcbd\spring-beans-5.0.4.RELEASE.jar;C:\Users\82009\.gradle\caches\modules-2\files-2.1\org.springframework\spring-expression\5.0.4.RELEASE\4bda161f2e34c1486f2527a23eb47293567f473c\spring-expression-5.0.4.RELEASE.jar;C:\Users\82009\.gradle\caches\modules-2\files-2.1\org.springframework\spring-core\5.0.4.RELEASE\2221a957b5561a34f044350ba4e30ef5870254a3\spring-core-5.0.4.RELEASE.jar;C:\Users\82009\.gradle\caches\modules-2\files-2.1\org.xmlunit\xmlunit-core\2.5.1\4ffdb346572a7356f7521cd3119ce5287d2e339d\xmlunit-core-2.5.1.jar;C:\Users\82009\.gradle\caches\modules-2\files-2.1\org.springframework.boot\spring-boot-starter-logging\2.0.0.RELEASE\fe939b71659ef1f98a53cce0b5bcf771685cf6a6\spring-boot-starter-logging-2.0.0.RELEASE.jar;C:\Users\82009\.gradle\caches\modules-2\files-2.1\javax.annotation\javax.annotation-api\1.3.2\934c04d3cfef185a8008e7bf34331b79730a9d43\javax.annotation-api-1.3.2.jar;C:\Users\82009\.gradle\caches\modules-2\files-2.1\org.yaml\snakeyaml\1.19\2d998d3d674b172a588e54ab619854d073f555b5\snakeyaml-1.19.jar;C:\Users\82009\.gradle\caches\modules-2\files-2.1\com.fasterxml.jackson.datatype\jackson-datatype-jdk8\2.9.4\63ac052d52a70a15820d3dc07ea757826fd51d40\jackson-datatype-jdk8-2.9.4.jar;C:\Users\82009\.gradle\caches\modules-2\files-2.1\com.fasterxml.jackson.datatype\jackson-datatype-jsr310\2.9.4\12d52679a6615c7972ea25bd8ebb60b191fe79b7\jackson-datatype-jsr310-2.9.4.jar;C:\Users\82009\.gradle\caches\modules-2\files-2.1\com.fasterxml.jackson.module\jackson-module-parameter-names\2.9.4\5833c819877c3e85bad847f4d2fa4e70379217c6\jackson-module-parameter-names-2.9.4.jar;C:\Users\82009\.gradle\caches\modules-2\files-2.1\com.fasterxml.jackson.core\jackson-databind\2.9.4\498bbc3b94f566982c7f7c6d4d303fce365529be\jackson-databind-2.9.4.jar;C:\Users\82009\.gradle\caches\modules-2\files-2.1\org.apache.tomcat.embed\tomcat-embed-websocket\8.5.28\8a5a48740dd80cad644ceb541e77fd8e0809e3b7\tomcat-embed-websocket-8.5.28.jar;C:\Users\82009\.gradle\caches\modules-2\files-2.1\org.apache.tomcat.embed\tomcat-embed-core\8.5.28\b684c98cf77c6528079c4e59fc1feeb218bf82f1\tomcat-embed-core-8.5.28.jar;C:\Users\82009\.gradle\caches\modules-2\files-2.1\org.apache.tomcat.embed\tomcat-embed-el\8.5.28\75745598f60646ccf0c4b105468a9c8be9b8432e\tomcat-embed-el-8.5.28.jar;C:\Users\82009\.gradle\caches\modules-2\files-2.1\javax.validation\validation-api\2.0.1.Final\cb855558e6271b1b32e716d24cb85c7f583ce09e\validation-api-2.0.1.Final.jar;C:\Users\82009\.gradle\caches\modules-2\files-2.1\org.hibernate.common\hibernate-commons-annotations\5.0.1.Final\71e1cff3fcb20d3b3af4f3363c3ddb24d33c6879\hibernate-commons-annotations-5.0.1.Final.jar;C:\Users\82009\.gradle\caches\modules-2\files-2.1\org.jboss.logging\jboss-logging\3.3.1.Final\c46217ab74b532568c0ed31dc599db3048bd1b67\jboss-logging-3.3.1.Final.jar;C:\Users\82009\.gradle\caches\modules-2\files-2.1\com.fasterxml\classmate\1.3.1\2ad2fd09dcf5607ca96f8ef432096a96986c40a\classmate-1.3.1.jar;C:\Users\82009\.gradle\caches\modules-2\files-2.1\org.aspectj\aspectjweaver\1.8.13\ad94df2a28d658a40dc27bbaff6a1ce5fbf04e9b\aspectjweaver-1.8.13.jar;C:\Users\82009\.gradle\caches\modules-2\files-2.1\com.zaxxer\HikariCP\2.7.8\4a3a604fa2efa89621aa498d04e000b2bed90c39\HikariCP-2.7.8.jar;C:\Users\82009\.gradle\caches\modules-2\files-2.1\org.hibernate.javax.persistence\hibernate-jpa-2.1-api\1.0.0.Final\5e731d961297e5a07290bfaf3db1fbc8bbbf405a\hibernate-jpa-2.1-api-1.0.0.Final.jar;C:\Users\82009\.gradle\caches\modules-2\files-2.1\org.javassist\javassist\3.22.0-GA\3e83394258ae2089be7219b971ec21a8288528ad\javassist-3.22.0-GA.jar;C:\Users\82009\.m2\repository\antlr\antlr\2.7.7\antlr-2.7.7.jar;C:\Users\82009\.gradle\caches\modules-2\files-2.1\org.jboss\jandex\2.0.3.Final\bfc4d6257dbff7a33a357f0de116be6ff951d849\jandex-2.0.3.Final.jar;C:\Users\82009\.gradle\caches\modules-2\files-2.1\dom4j\dom4j\1.6.1\5d3ccc056b6f056dbf0dddfdf43894b9065a8f94\dom4j-1.6.1.jar;C:\Users\82009\.gradle\caches\modules-2\files-2.1\ch.qos.logback\logback-classic\1.2.3\7c4f3c474fb2c041d8028740440937705ebb473a\logback-classic-1.2.3.jar;C:\Users\82009\.gradle\caches\modules-2\files-2.1\org.apache.logging.log4j\log4j-to-slf4j\2.10.0\f7e631ccf49cfc0aefa4a2a728da7d374c05bd3c\log4j-to-slf4j-2.10.0.jar;C:\Users\82009\.gradle\caches\modules-2\files-2.1\org.slf4j\jul-to-slf4j\1.7.25\af5364cd6679bfffb114f0dec8a157aaa283b76\jul-to-slf4j-1.7.25.jar;C:\Users\82009\.gradle\caches\modules-2\files-2.1\org.slf4j\slf4j-api\1.7.25\da76ca59f6a57ee3102f8f9bd9cee742973efa8a\slf4j-api-1.7.25.jar;C:\Users\82009\.gradle\caches\modules-2\files-2.1\net.minidev\json-smart\2.3\7396407491352ce4fa30de92efb158adb76b5b\json-smart-2.3.jar;C:\Users\82009\.gradle\caches\modules-2\files-2.1\net.bytebuddy\byte-buddy\1.7.9\51218a01a882c04d0aba8c028179cce488bbcb58\byte-buddy-1.7.9.jar;C:\Users\82009\.gradle\caches\modules-2\files-2.1\net.bytebuddy\byte-buddy-agent\1.7.9\a6c65f9da7f467ee1f02ff2841ffd3155aee2fc9\byte-buddy-agent-1.7.9.jar;C:\Users\82009\.gradle\caches\modules-2\files-2.1\org.objenesis\objenesis\2.6\639033469776fd37c08358c6b92a4761feb2af4b\objenesis-2.6.jar;C:\Users\82009\.gradle\caches\modules-2\files-2.1\com.vaadin.external.google\android-json\0.0.20131108.vaadin1\fa26d351fe62a6a17f5cda1287c1c6110dec413f\android-json-0.0.20131108.vaadin1.jar;C:\Users\82009\.gradle\caches\modules-2\files-2.1\org.springframework\spring-jcl\5.0.4.RELEASE\3053e2bad0a18571bdbb9596ce51f9d458f5934f\spring-jcl-5.0.4.RELEASE.jar;C:\Users\82009\.gradle\caches\modules-2\files-2.1\com.fasterxml.jackson.core\jackson-annotations\2.9.0\7c10d545325e3a6e72e06381afe469fd40eb701\jackson-annotations-2.9.0.jar;C:\Users\82009\.gradle\caches\modules-2\files-2.1\com.fasterxml.jackson.core\jackson-core\2.9.4\a9a71ec1aa37da47db168fede9a4a5fb5e374320\jackson-core-2.9.4.jar;C:\Users\82009\.gradle\caches\modules-2\files-2.1\net.minidev\accessors-smart\1.2\c592b500269bfde36096641b01238a8350f8aa31\accessors-smart-1.2.jar;C:\Users\82009\.gradle\caches\modules-2\files-2.1\ch.qos.logback\logback-core\1.2.3\864344400c3d4d92dfeb0a305dc87d953677c03c\logback-core-1.2.3.jar;C:\Users\82009\.gradle\caches\modules-2\files-2.1\org.apache.logging.log4j\log4j-api\2.10.0\fec5797a55b786184a537abd39c3fa1449d752d6\log4j-api-2.10.0.jar;C:\Users\82009\.gradle\caches\modules-2\files-2.1\org.apache.tomcat\tomcat-annotations-api\8.5.28\25dd92ba2548e684687f9024e2848ea98ab63f3a\tomcat-annotations-api-8.5.28.jar;C:\Users\82009\.gradle\caches\modules-2\files-2.1\org.ow2.asm\asm\5.0.4\da08b8cce7bbf903602a25a3a163ae252435795\asm-5.0.4.jar, user.name=82009, java.vm.specification.version=1.8, sun.java.command=worker.org.gradle.process.internal.worker.GradleWorkerMain 'Gradle Test Executor 18', java.home=E:\JDK\jre, sun.arch.data.model=64, user.language=zh, java.specification.vendor=Oracle Corporation, awt.toolkit=sun.awt.windows.WToolkit, java.vm.info=mixed mode, java.version=1.8.0_181, java.ext.dirs=E:\JDK\jre\lib\ext;C:\WINDOWS\Sun\Java\lib\ext, sun.boot.class.path=E:\JDK\jre\lib\resources.jar;E:\JDK\jre\lib\rt.jar;E:\JDK\jre\lib\sunrsasign.jar;E:\JDK\jre\lib\jsse.jar;E:\JDK\jre\lib\jce.jar;E:\JDK\jre\lib\charsets.jar;E:\JDK\jre\lib\jfr.jar;E:\JDK\jre\classes, java.vendor=Oracle Corporation, org.gradle.test.worker=18, file.separator=\, java.vendor.url.bug=http://bugreport.sun.com/bugreport/, sun.io.unicode.encoding=UnicodeLittle, sun.cpu.endian=little, sun.desktop=windows, sun.cpu.isalist=amd64}}, SystemEnvironmentPropertySource@1836981107 {name='systemEnvironment', properties={configsetroot=C:\WINDOWS\ConfigSetRoot, USERDOMAIN_ROAMINGPROFILE=LAPTOP-4L910JHT, LXKSERVER=123, PROCESSOR_LEVEL=6, SESSIONNAME=Console, ALLUSERSPROFILE=C:\ProgramData, LNKEVN=C:\Program Files (x86)\Internet Explorer\iexplore.exe, PROCESSOR_ARCHITECTURE=AMD64, PSModulePath=C:\Program Files\WindowsPowerShell\Modules;C:\WINDOWS\system32\WindowsPowerShell\v1.0\Modules, SystemDrive=C:, USERNAME=82009, ProgramFiles(x86)=C:\Program Files (x86), FPS_BROWSER_USER_PROFILE_STRING=Default, PATHEXT=.COM;.EXE;.BAT;.CMD;.VBS;.VBE;.JS;.JSE;.WSF;.WSH;.MSC, DriverData=C:\Windows\System32\Drivers\DriverData, OneDriveConsumer=D:\OneDrive, ProgramData=C:\ProgramData, ProgramW6432=C:\Program Files, HOMEPATH=\Users\82009, MYSQL_HOME=D:\qianduanziliaoaaaaaaaaaaaaaaaaaa\wamp\bin\mysql\mysql5.5.20, PROCESSOR_IDENTIFIER=Intel64 Family 6 Model 142 Stepping 9, GenuineIntel, ProgramFiles=C:\Program Files, PUBLIC=C:\Users\Public, windir=C:\WINDOWS, =::=::\, LOCALAPPDATA=C:\Users\82009\AppData\Local, PT5HOME=E:\计算机网络\课设\Cisco Packet Tracer 6.0, USERDOMAIN=LAPTOP-4L910JHT, FPS_BROWSER_APP_PROFILE_STRING=Internet Explorer, LOGONSERVER=\\LAPTOP-4L910JHT, OneDrive=D:\OneDrive, APPDATA=C:\Users\82009\AppData\Roaming, CommonProgramFiles=C:\Program Files\Common Files, Path=E:\java工具在里面\Java\jdk1.8.0_181\bin;C:\;rogram Files (x86)\NVIDIA Corporation\PhysX\Common;C:\Program Files\NVIDIA Corporation\NVIDIA NvDLISR;C:\Android;C:\Windows\System32;E:\2019大三下学期\Web\git\Git\cmd;C:\WINDOWS;C:\WINDOWS\system32\wbem;C:\WINDOWS\system32;C:\WINDOWS\System32\Wbem;C:\WINDOWS\System32\WindowsPowerShell\v1.0\;C:\WINDOWS\System32\OpenSSH\;D:\qianduanziliaoaaaaaaaaaaaaaaaaaa\wamp\bin\mysql\mysql5.5.20\bin;E:\2019大三下学期\Web\node\;E:\JDK\bin;;E:\Microsoft VS Code\bin;C:\Users\82009\AppData\Local\Microsoft\WindowsApps;C:\Users\82009\AppData\Roaming\npm, PT7HOME=E:\2018~2019\计算机网络\课设\Cisco Packet Tracer 7.0, ANDROID_SDK_HOME=C:\Android, OS=Windows_NT, COMPUTERNAME=LAPTOP-4L910JHT, PROCESSOR_REVISION=8e09, CommonProgramW6432=C:\Program Files\Common Files, ComSpec=C:\WINDOWS\system32\cmd.exe, SystemRoot=C:\WINDOWS, TEMP=C:\Users\82009\AppData\Local\Temp, HOMEDRIVE=C:, PT6HOME=E:\计算机网络\课设\Cisco Packet Tracer 6.0, USERPROFILE=C:\Users\82009, TMP=C:\Users\82009\AppData\Local\Temp, CommonProgramFiles(x86)=C:\Program Files (x86)\Common Files, NUMBER_OF_PROCESSORS=4, IDEA_INITIAL_DIRECTORY=C:\Users\82009\Desktop}}]
23:32:35.780 [Test worker] DEBUG org.springframework.test.context.support.TestPropertySourceUtils - Adding inlined properties to environment: {spring.jmx.enabled=false, org.springframework.boot.test.context.SpringBootTestContextBootstrapper=true, server.port=0}
23:32:35.780 [Test worker] DEBUG org.springframework.core.env.StandardEnvironment - Adding PropertySource 'Inlined Test Properties' with highest search precedence

  .   ____          _            __ _ _
 /\\ / ___'_ __ _ _(_)_ __  __ _ \ \ \ \
( ( )\___ | '_ | '_| | '_ \/ _` | \ \ \ \
 \\/  ___)| |_)| | | | | || (_| |  ) ) ) )
  '  |____| .__|_| |_|_| |_\__, | / / / /
 =========|_|==============|___/=/_/_/_/
 :: Spring Boot ::        (v2.0.0.RELEASE)

2020-03-11 23:32:36.926  INFO 4924 --- [    Test worker] c.g.m.controller.ProductControllerTest   : Starting ProductControllerTest on LAPTOP-4L910JHT with PID 4924 (started by 82009 in C:\Users\82009\Desktop\licaixitong\manager)
2020-03-11 23:32:36.928  INFO 4924 --- [    Test worker] c.g.m.controller.ProductControllerTest   : No active profile set, falling back to default profiles: default
2020-03-11 23:32:37.110  INFO 4924 --- [    Test worker] ConfigServletWebServerApplicationContext : Refreshing org.springframework.boot.web.servlet.context.AnnotationConfigServletWebServerApplicationContext@723b63ad: startup date [Wed Mar 11 23:32:37 CST 2020]; root of context hierarchy
2020-03-11 23:32:40.085  INFO 4924 --- [    Test worker] trationDelegate$BeanPostProcessorChecker : Bean 'org.springframework.transaction.annotation.ProxyTransactionManagementConfiguration' of type [org.springframework.transaction.annotation.ProxyTransactionManagementConfiguration$$EnhancerBySpringCGLIB$$b4c98d37] is not eligible for getting processed by all BeanPostProcessors (for example: not eligible for auto-proxying)
2020-03-11 23:32:41.280  INFO 4924 --- [    Test worker] o.s.b.w.embedded.tomcat.TomcatWebServer  : Tomcat initialized with port(s): 0 (http)
2020-03-11 23:32:41.365  INFO 4924 --- [    Test worker] o.apache.catalina.core.StandardService   : Starting service [Tomcat]
2020-03-11 23:32:41.366  INFO 4924 --- [    Test worker] org.apache.catalina.core.StandardEngine  : Starting Servlet Engine: Apache Tomcat/8.5.28
2020-03-11 23:32:41.414  INFO 4924 --- [ost-startStop-1] o.a.catalina.core.AprLifecycleListener   : The APR based Apache Tomcat Native library which allows optimal performance in production environments was not found on the java.library.path: [E:\JDK\bin;C:\WINDOWS\Sun\Java\bin;C:\WINDOWS\system32;C:\WINDOWS;E:\java工具在里面\Java\jdk1.8.0_181\bin;C:\;rogram Files (x86)\NVIDIA Corporation\PhysX\Common;C:\Program Files\NVIDIA Corporation\NVIDIA NvDLISR;C:\Android;C:\Windows\System32;E:\2019大三下学期\Web\git\Git\cmd;C:\WINDOWS;C:\WINDOWS\system32\wbem;C:\WINDOWS\system32;C:\WINDOWS\System32\Wbem;C:\WINDOWS\System32\WindowsPowerShell\v1.0\;C:\WINDOWS\System32\OpenSSH\;D:\qianduanziliaoaaaaaaaaaaaaaaaaaa\wamp\bin\mysql\mysql5.5.20\bin;E:\2019大三下学期\Web\node\;E:\JDK\bin;;E:\Microsoft VS Code\bin;C:\Users\82009\AppData\Local\Microsoft\WindowsApps;C:\Users\82009\AppData\Roaming\npm;.]
2020-03-11 23:32:42.157  INFO 4924 --- [ost-startStop-1] o.a.c.c.C.[.[localhost].[/manager]       : Initializing Spring embedded WebApplicationContext
2020-03-11 23:32:42.157  INFO 4924 --- [ost-startStop-1] o.s.web.context.ContextLoader            : Root WebApplicationContext: initialization completed in 5057 ms
2020-03-11 23:32:43.327  INFO 4924 --- [ost-startStop-1] o.s.b.w.servlet.ServletRegistrationBean  : Servlet dispatcherServlet mapped to [/]
2020-03-11 23:32:43.357  INFO 4924 --- [ost-startStop-1] o.s.b.w.servlet.FilterRegistrationBean   : Mapping filter: 'characterEncodingFilter' to: [/*]
2020-03-11 23:32:43.358  INFO 4924 --- [ost-startStop-1] o.s.b.w.servlet.FilterRegistrationBean   : Mapping filter: 'hiddenHttpMethodFilter' to: [/*]
2020-03-11 23:32:43.359  INFO 4924 --- [ost-startStop-1] o.s.b.w.servlet.FilterRegistrationBean   : Mapping filter: 'httpPutFormContentFilter' to: [/*]
2020-03-11 23:32:43.361  INFO 4924 --- [ost-startStop-1] o.s.b.w.servlet.FilterRegistrationBean   : Mapping filter: 'requestContextFilter' to: [/*]
2020-03-11 23:32:44.201  INFO 4924 --- [    Test worker] com.zaxxer.hikari.HikariDataSource       : HikariPool-1 - Starting...
2020-03-11 23:32:44.701  INFO 4924 --- [    Test worker] com.zaxxer.hikari.HikariDataSource       : HikariPool-1 - Start completed.
2020-03-11 23:32:44.924  INFO 4924 --- [    Test worker] j.LocalContainerEntityManagerFactoryBean : Building JPA container EntityManagerFactory for persistence unit 'default'
2020-03-11 23:32:45.008  INFO 4924 --- [    Test worker] o.hibernate.jpa.internal.util.LogHelper  : HHH000204: Processing PersistenceUnitInfo [
	name: default
	...]
2020-03-11 23:32:45.342  INFO 4924 --- [    Test worker] org.hibernate.Version                    : HHH000412: Hibernate Core {5.2.14.Final}
2020-03-11 23:32:45.356  INFO 4924 --- [    Test worker] org.hibernate.cfg.Environment            : HHH000206: hibernate.properties not found
2020-03-11 23:32:45.566  INFO 4924 --- [    Test worker] o.hibernate.annotations.common.Version   : HCANN000001: Hibernate Commons Annotations {5.0.1.Final}
2020-03-11 23:32:46.145  INFO 4924 --- [    Test worker] org.hibernate.dialect.Dialect            : HHH000400: Using dialect: org.hibernate.dialect.MySQL5Dialect
2020-03-11 23:32:47.797  INFO 4924 --- [    Test worker] j.LocalContainerEntityManagerFactoryBean : Initialized JPA EntityManagerFactory for persistence unit 'default'
2020-03-11 23:32:51.975  INFO 4924 --- [    Test worker] s.w.s.m.m.a.RequestMappingHandlerAdapter : Looking for @ControllerAdvice: org.springframework.boot.web.servlet.context.AnnotationConfigServletWebServerApplicationContext@723b63ad: startup date [Wed Mar 11 23:32:37 CST 2020]; root of context hierarchy
2020-03-11 23:32:52.223  WARN 4924 --- [    Test worker] aWebConfiguration$JpaWebMvcConfiguration : spring.jpa.open-in-view is enabled by default. Therefore, database queries may be performed during view rendering. Explicitly configure spring.jpa.open-in-view to disable this warning
2020-03-11 23:32:52.446  INFO 4924 --- [    Test worker] s.w.s.m.m.a.RequestMappingHandlerMapping : Mapped "{[/products],methods=[GET]}" onto public org.springframework.data.domain.Page<com.gwh.entity.Product> com.gwh.manager.controller.ProductController.query(java.lang.String,java.math.BigDecimal,java.math.BigDecimal,java.lang.String,int,int)
2020-03-11 23:32:52.459  INFO 4924 --- [    Test worker] s.w.s.m.m.a.RequestMappingHandlerMapping : Mapped "{[/products/{id}],methods=[GET]}" onto public com.gwh.entity.Product com.gwh.manager.controller.ProductController.findOne(java.lang.String)
2020-03-11 23:32:52.461  INFO 4924 --- [    Test worker] s.w.s.m.m.a.RequestMappingHandlerMapping : Mapped "{[/products],methods=[POST]}" onto public com.gwh.entity.Product com.gwh.manager.controller.ProductController.addProduct(com.gwh.entity.Product)
2020-03-11 23:32:52.470  INFO 4924 --- [    Test worker] s.w.s.m.m.a.RequestMappingHandlerMapping : Mapped "{[/error]}" onto public org.springframework.http.ResponseEntity<java.util.Map<java.lang.String, java.lang.Object>> org.springframework.boot.autoconfigure.web.servlet.error.BasicErrorController.error(javax.servlet.http.HttpServletRequest)
2020-03-11 23:32:52.472  INFO 4924 --- [    Test worker] s.w.s.m.m.a.RequestMappingHandlerMapping : Mapped "{[/error],produces=[text/html]}" onto public org.springframework.web.servlet.ModelAndView org.springframework.boot.autoconfigure.web.servlet.error.BasicErrorController.errorHtml(javax.servlet.http.HttpServletRequest,javax.servlet.http.HttpServletResponse)
2020-03-11 23:32:52.775  INFO 4924 --- [    Test worker] o.s.w.s.handler.SimpleUrlHandlerMapping  : Mapped URL path [/webjars/**] onto handler of type [class org.springframework.web.servlet.resource.ResourceHttpRequestHandler]
2020-03-11 23:32:52.777  INFO 4924 --- [    Test worker] o.s.w.s.handler.SimpleUrlHandlerMapping  : Mapped URL path [/**] onto handler of type [class org.springframework.web.servlet.resource.ResourceHttpRequestHandler]
2020-03-11 23:32:53.174  INFO 4924 --- [    Test worker] o.s.w.s.handler.SimpleUrlHandlerMapping  : Mapped URL path [/**/favicon.ico] onto handler of type [class org.springframework.web.servlet.resource.ResourceHttpRequestHandler]
2020-03-11 23:32:54.553  INFO 4924 --- [    Test worker] o.s.b.w.embedded.tomcat.TomcatWebServer  : Tomcat started on port(s): 53145 (http) with context path '/manager'
2020-03-11 23:32:54.561  INFO 4924 --- [    Test worker] c.g.m.controller.ProductControllerTest   : Started ProductControllerTest in 18.774 seconds (JVM running for 22.69)
2020-03-11 23:32:56.195  INFO 4924 --- [-auto-1-exec-10] o.a.c.c.C.[.[localhost].[/manager]       : Initializing Spring FrameworkServlet 'dispatcherServlet'
2020-03-11 23:32:56.195  INFO 4924 --- [-auto-1-exec-10] o.s.web.servlet.DispatcherServlet        : FrameworkServlet 'dispatcherServlet': initialization started
2020-03-11 23:32:56.307  INFO 4924 --- [-auto-1-exec-10] o.s.web.servlet.DispatcherServlet        : FrameworkServlet 'dispatcherServlet': initialization completed in 109 ms
2020-03-11 23:32:56.544  INFO 4924 --- [-auto-1-exec-10] c.g.m.controller.ProductController       : 查询单个产品,id=T001
Hibernate: select product0_.id as id1_1_0_, product0_.create_at as create_a2_1_0_, product0_.create_user as create_u3_1_0_, product0_.lock_term as lock_ter4_1_0_, product0_.memo as memo5_1_0_, product0_.name as name6_1_0_, product0_.reward_rate as reward_r7_1_0_, product0_.status as status8_1_0_, product0_.step_amount as step_amo9_1_0_, product0_.threshold_amount as thresho10_1_0_, product0_.update_at as update_11_1_0_, product0_.update_user as update_12_1_0_ from product product0_ where product0_.id=?
2020-03-11 23:32:57.289  INFO 4924 --- [-auto-1-exec-10] c.g.m.controller.ProductController       : 查询单个产品,结果=null
]]></system-out>
  <system-err><![CDATA[]]></system-err>
</testsuite>
