<?xml version="1.0" encoding="UTF-8"?>
<testsuite name="com.gwh.util.RSAUtilTest" tests="1" skipped="0" failures="0" errors="0" timestamp="2020-03-17T14:22:07" hostname="LAPTOP-4L910JHT" time="0.2">
  <properties/>
  <testcase name="signTest" classname="com.gwh.util.RSAUtilTest" time="0.2"/>
  <system-out><![CDATA[WinC+KT1wIL3cr+bXCXvyJ+ko9+TwEicLLqd2C0725VxiAR3BYnQABo9kSuAmJGMRpLOK+wpiEEoRtvthDqwptKfEEPfT+1DI8uvEs87jSks20nIs5LXT/CSdBnZv0/3lt0g5gsV6a/u+4oCF+bR8J1zYMrMa+D9rupjFYdH4ks=
true
]]></system-out>
  <system-err><![CDATA[]]></system-err>
</testsuite>
