<?xml version="1.0" encoding="UTF-8"?>
<testsuite name="com.gwh.util.RSAUtilTest" tests="1" skipped="0" failures="0" errors="0" timestamp="2020-03-23T14:46:28" hostname="LAPTOP-4L910JHT" time="0.206">
  <properties/>
  <testcase name="signTest" classname="com.gwh.util.RSAUtilTest" time="0.206"/>
  <system-out><![CDATA[cq9N/bPSK3GhL3cCxbFTgkZkpuRbv7eAblyNF/Rsil4U2bfNcIq1TiGcadnkzqfUMK9N2lL2BmzBgInhDhchPDb93eQBvcG3RSfxBra3e4G8iT30Qq/iIIjvYemB3J3oy1QlCOeeP2PVzHw0UtlDcw9vXT90nb/H3u/tb99aaso=
true
]]></system-out>
  <system-err><![CDATA[]]></system-err>
</testsuite>
